<?xml version="1.0" encoding="UTF-8"?>
<!-- Generated by org.testng.reporters.JUnitReportReporter -->
<testsuite skipped="0" hostname="newusers-MacBook-Pro.local" name="com.hubspot.tests.LoginPageTest" tests="4" failures="0" timestamp="2020-07-23T16:34:44 EDT" time="58.986" errors="0">
  <testcase name="getTitle" time="20.438" classname="com.hubspot.tests.LoginPageTest"/>
  <system-out/>
  <testcase name="loginTest1" time="12.964" classname="com.hubspot.tests.LoginPageTest"/>
  <system-out/>
  <testcase name="loginTest2" time="12.776" classname="com.hubspot.tests.LoginPageTest"/>
  <system-out/>
  <testcase name="loginTest3" time="12.808" classname="com.hubspot.tests.LoginPageTest"/>
  <system-out/>
</testsuite> <!-- com.hubspot.tests.LoginPageTest -->
