<?xml version="1.0" encoding="UTF-8"?>
<!-- Generated by org.testng.reporters.JUnitReportReporter -->
<testsuite skipped="0" hostname="newusers-MacBook-Pro.local" name="com.hubspot.tests.LoginPagePFTest" tests="1" failures="0" timestamp="2020-07-23T17:08:22 EDT" time="20.597" errors="0">
  <testcase name="loginTest" time="20.597" classname="com.hubspot.tests.LoginPagePFTest"/>
  <system-out/>
</testsuite> <!-- com.hubspot.tests.LoginPagePFTest -->
